{"/Users/zuri/Documents/Experiments/isitup/src/util/request.js": {"path":"/Users/zuri/Documents/Experiments/isitup/src/util/request.js","statementMap":{"0":{"start":{"line":1,"column":14},"end":{"line":1,"column":30}},"1":{"start":{"line":3,"column":16},"end":{"line":6,"column":1}},"2":{"start":{"line":4,"column":21},"end":{"line":4,"column":41}},"3":{"start":{"line":5,"column":4},"end":{"line":5,"column":24}},"4":{"start":{"line":8,"column":0},"end":{"line":10,"column":1}}},"fnMap":{"0":{"name":"(anonymous_0)","decl":{"start":{"line":3,"column":16},"end":{"line":3,"column":17}},"loc":{"start":{"line":3,"column":31},"end":{"line":6,"column":1}},"line":3}},"branchMap":{},"s":{"0":2,"1":2,"2":3,"3":3,"4":2},"f":{"0":3},"b":{},"_coverageSchema":"1a1c01bbd47fc00a2c39e90264f33305004495a9","hash":"38afbccff88fa70ab6452e596bf91dcd2a7d94c9"}
,"/Users/zuri/Documents/Experiments/isitup/src/wrappers/ps-wrapper.js": {"path":"/Users/zuri/Documents/Experiments/isitup/src/wrappers/ps-wrapper.js","statementMap":{"0":{"start":{"line":1,"column":16},"end":{"line":1,"column":50}},"1":{"start":{"line":2,"column":14},"end":{"line":2,"column":30}},"2":{"start":{"line":4,"column":24},"end":{"line":4,"column":87}},"3":{"start":{"line":5,"column":0},"end":{"line":23,"column":1}},"4":{"start":{"line":6,"column":17},"end":{"line":6,"column":47}},"5":{"start":{"line":8,"column":15},"end":{"line":8,"column":77}},"6":{"start":{"line":8,"column":48},"end":{"line":8,"column":76}},"7":{"start":{"line":10,"column":31},"end":{"line":10,"column":33}},"8":{"start":{"line":12,"column":4},"end":{"line":18,"column":6}},"9":{"start":{"line":13,"column":22},"end":{"line":13,"column":53}},"10":{"start":{"line":14,"column":20},"end":{"line":14,"column":51}},"11":{"start":{"line":15,"column":23},"end":{"line":15,"column":54}},"12":{"start":{"line":16,"column":20},"end":{"line":16,"column":68}},"13":{"start":{"line":17,"column":8},"end":{"line":17,"column":19}},"14":{"start":{"line":20,"column":20},"end":{"line":20,"column":128}},"15":{"start":{"line":22,"column":4},"end":{"line":22,"column":19}}},"fnMap":{"0":{"name":"(anonymous_0)","decl":{"start":{"line":5,"column":17},"end":{"line":5,"column":18}},"loc":{"start":{"line":5,"column":29},"end":{"line":23,"column":1}},"line":5},"1":{"name":"(anonymous_1)","decl":{"start":{"line":8,"column":37},"end":{"line":8,"column":38}},"loc":{"start":{"line":8,"column":48},"end":{"line":8,"column":76}},"line":8},"2":{"name":"(anonymous_2)","decl":{"start":{"line":12,"column":47},"end":{"line":12,"column":48}},"loc":{"start":{"line":12,"column":54},"end":{"line":18,"column":5}},"line":12}},"branchMap":{"0":{"loc":{"start":{"line":15,"column":23},"end":{"line":15,"column":54}},"type":"cond-expr","locations":[{"start":{"line":15,"column":44},"end":{"line":15,"column":49}},{"start":{"line":15,"column":51},"end":{"line":15,"column":54}}],"line":15}},"s":{"0":1,"1":1,"2":1,"3":1,"4":1,"5":1,"6":18,"7":1,"8":1,"9":7,"10":7,"11":7,"12":7,"13":7,"14":1,"15":1},"f":{"0":1,"1":18,"2":7},"b":{"0":[7,0]},"_coverageSchema":"1a1c01bbd47fc00a2c39e90264f33305004495a9","hash":"a06a6edd71480e0423f8e78a38251c54dfa49186"}
,"/Users/zuri/Documents/Experiments/isitup/src/wrappers/xbox-wrapper.js": {"path":"/Users/zuri/Documents/Experiments/isitup/src/wrappers/xbox-wrapper.js","statementMap":{"0":{"start":{"line":1,"column":16},"end":{"line":1,"column":50}},"1":{"start":{"line":2,"column":16},"end":{"line":2,"column":71}},"2":{"start":{"line":4,"column":0},"end":{"line":24,"column":1}},"3":{"start":{"line":5,"column":17},"end":{"line":5,"column":39}},"4":{"start":{"line":6,"column":31},"end":{"line":6,"column":33}},"5":{"start":{"line":7,"column":18},"end":{"line":7,"column":49}},"6":{"start":{"line":8,"column":16},"end":{"line":8,"column":47}},"7":{"start":{"line":10,"column":4},"end":{"line":20,"column":5}},"8":{"start":{"line":11,"column":8},"end":{"line":19,"column":9}},"9":{"start":{"line":12,"column":29},"end":{"line":12,"column":41}},"10":{"start":{"line":13,"column":12},"end":{"line":13,"column":48}},"11":{"start":{"line":14,"column":12},"end":{"line":18,"column":14}},"12":{"start":{"line":15,"column":31},"end":{"line":15,"column":71}},"13":{"start":{"line":16,"column":34},"end":{"line":16,"column":76}},"14":{"start":{"line":17,"column":16},"end":{"line":17,"column":54}},"15":{"start":{"line":21,"column":20},"end":{"line":21,"column":121}},"16":{"start":{"line":22,"column":4},"end":{"line":22,"column":19}}},"fnMap":{"0":{"name":"(anonymous_0)","decl":{"start":{"line":4,"column":17},"end":{"line":4,"column":18}},"loc":{"start":{"line":4,"column":29},"end":{"line":24,"column":1}},"line":4},"1":{"name":"(anonymous_1)","decl":{"start":{"line":14,"column":25},"end":{"line":14,"column":26}},"loc":{"start":{"line":14,"column":32},"end":{"line":18,"column":13}},"line":14}},"branchMap":{"0":{"loc":{"start":{"line":11,"column":8},"end":{"line":19,"column":9}},"type":"if","locations":[{"start":{"line":11,"column":8},"end":{"line":19,"column":9}},{"start":{"line":11,"column":8},"end":{"line":19,"column":9}}],"line":11},"1":{"loc":{"start":{"line":15,"column":31},"end":{"line":15,"column":71}},"type":"cond-expr","locations":[{"start":{"line":15,"column":60},"end":{"line":15,"column":65}},{"start":{"line":15,"column":68},"end":{"line":15,"column":71}}],"line":15}},"s":{"0":1,"1":1,"2":1,"3":2,"4":2,"5":2,"6":2,"7":2,"8":10,"9":6,"10":6,"11":6,"12":20,"13":20,"14":20,"15":2,"16":2},"f":{"0":2,"1":20},"b":{"0":[6,4],"1":[19,1]},"_coverageSchema":"1a1c01bbd47fc00a2c39e90264f33305004495a9","hash":"099b3fc68b5d2e932dfd8d45aec9d5c9f578adef"}
}
