{"/Users/zuri/Documents/Experiments/isitup/src/util/request.ts": {"path":"/Users/zuri/Documents/Experiments/isitup/src/util/request.ts","statementMap":{"0":{"start":{"line":1,"column":0},"end":{"line":1,"column":26}},"1":{"start":{"line":3,"column":16},"end":{"line":6,"column":2}},"2":{"start":{"line":3,"column":52},"end":{"line":6,"column":2}},"3":{"start":{"line":4,"column":19},"end":{"line":4,"column":39}},"4":{"start":{"line":5,"column":2},"end":{"line":5,"column":23}},"5":{"start":{"line":8,"column":0},"end":{"line":8,"column":23}}},"fnMap":{"0":{"name":"(anonymous_8)","decl":{"start":{"line":3,"column":16},"end":{"line":3,"column":23}},"loc":{"start":{"line":3,"column":52},"end":{"line":6,"column":2}}},"1":{"name":"(anonymous_9)","decl":{"start":{"line":3,"column":52},"end":{"line":3,"column":null}},"loc":{"start":{"line":3,"column":52},"end":{"line":6,"column":1}}}},"branchMap":{},"s":{"0":2,"1":2,"2":3,"3":3,"4":3,"5":2},"f":{"0":3,"1":3},"b":{}}
,"/Users/zuri/Documents/Experiments/isitup/src/wrappers/ps-wrapper.ts": {"path":"/Users/zuri/Documents/Experiments/isitup/src/wrappers/ps-wrapper.ts","statementMap":{"0":{"start":{"line":1,"column":0},"end":{"line":1,"column":38}},"1":{"start":{"line":3,"column":24},"end":{"line":3,"column":87}},"2":{"start":{"line":5,"column":19},"end":{"line":24,"column":2}},"3":{"start":{"line":5,"column":47},"end":{"line":24,"column":2}},"4":{"start":{"line":6,"column":15},"end":{"line":6,"column":45}},"5":{"start":{"line":8,"column":13},"end":{"line":8,"column":77}},"6":{"start":{"line":8,"column":48},"end":{"line":8,"column":76}},"7":{"start":{"line":10,"column":30},"end":{"line":10,"column":32}},"8":{"start":{"line":12,"column":2},"end":{"line":18,"column":5}},"9":{"start":{"line":13,"column":18},"end":{"line":13,"column":47}},"10":{"start":{"line":14,"column":16},"end":{"line":14,"column":45}},"11":{"start":{"line":15,"column":19},"end":{"line":15,"column":51}},"12":{"start":{"line":16,"column":16},"end":{"line":16,"column":64}},"13":{"start":{"line":17,"column":4},"end":{"line":17,"column":15}},"14":{"start":{"line":21,"column":4},"end":{"line":21,"column":112}},"15":{"start":{"line":23,"column":2},"end":{"line":23,"column":17}},"16":{"start":{"line":25,"column":0},"end":{"line":25,"column":26}}},"fnMap":{"0":{"name":"(anonymous_8)","decl":{"start":{"line":5,"column":19},"end":{"line":5,"column":45}},"loc":{"start":{"line":5,"column":47},"end":{"line":24,"column":2}}},"1":{"name":"(anonymous_9)","decl":{"start":{"line":5,"column":47},"end":{"line":5,"column":null}},"loc":{"start":{"line":5,"column":47},"end":{"line":24,"column":1}}},"2":{"name":"(anonymous_10)","decl":{"start":{"line":8,"column":35},"end":{"line":8,"column":36}},"loc":{"start":{"line":8,"column":48},"end":{"line":8,"column":76}}},"3":{"name":"(anonymous_11)","decl":{"start":{"line":12,"column":45},"end":{"line":12,"column":46}},"loc":{"start":{"line":12,"column":53},"end":{"line":18,"column":3}}}},"branchMap":{"0":{"loc":{"start":{"line":15,"column":40},"end":{"line":15,"column":45}},"type":"cond-expr","locations":[{"start":{"line":15,"column":40},"end":{"line":15,"column":45}},{"start":{"line":15,"column":48},"end":{"line":15,"column":51}}]}},"s":{"0":1,"1":1,"2":1,"3":1,"4":1,"5":1,"6":18,"7":1,"8":1,"9":7,"10":7,"11":7,"12":7,"13":7,"14":1,"15":1,"16":1},"f":{"0":1,"1":1,"2":18,"3":7},"b":{"0":[7,0]}}
,"/Users/zuri/Documents/Experiments/isitup/src/wrappers/xbox-wrapper.ts": {"path":"/Users/zuri/Documents/Experiments/isitup/src/wrappers/xbox-wrapper.ts","statementMap":{"0":{"start":{"line":1,"column":0},"end":{"line":1,"column":38}},"1":{"start":{"line":2,"column":16},"end":{"line":2,"column":71}},"2":{"start":{"line":4,"column":20},"end":{"line":23,"column":2}},"3":{"start":{"line":4,"column":48},"end":{"line":23,"column":2}},"4":{"start":{"line":5,"column":15},"end":{"line":5,"column":37}},"5":{"start":{"line":6,"column":32},"end":{"line":6,"column":34}},"6":{"start":{"line":7,"column":16},"end":{"line":7,"column":45}},"7":{"start":{"line":8,"column":14},"end":{"line":8,"column":43}},"8":{"start":{"line":10,"column":2},"end":{"line":20,"column":null}},"9":{"start":{"line":11,"column":4},"end":{"line":19,"column":null}},"10":{"start":{"line":12,"column":23},"end":{"line":12,"column":35}},"11":{"start":{"line":13,"column":6},"end":{"line":13,"column":43}},"12":{"start":{"line":14,"column":6},"end":{"line":18,"column":9}},"13":{"start":{"line":15,"column":23},"end":{"line":15,"column":63}},"14":{"start":{"line":16,"column":26},"end":{"line":16,"column":68}},"15":{"start":{"line":17,"column":8},"end":{"line":17,"column":46}},"16":{"start":{"line":21,"column":18},"end":{"line":21,"column":119}},"17":{"start":{"line":22,"column":2},"end":{"line":22,"column":17}},"18":{"start":{"line":24,"column":0},"end":{"line":24,"column":27}}},"fnMap":{"0":{"name":"(anonymous_8)","decl":{"start":{"line":4,"column":20},"end":{"line":4,"column":46}},"loc":{"start":{"line":4,"column":48},"end":{"line":23,"column":2}}},"1":{"name":"(anonymous_9)","decl":{"start":{"line":4,"column":48},"end":{"line":4,"column":null}},"loc":{"start":{"line":4,"column":48},"end":{"line":23,"column":1}}},"2":{"name":"(anonymous_10)","decl":{"start":{"line":14,"column":19},"end":{"line":14,"column":20}},"loc":{"start":{"line":14,"column":27},"end":{"line":18,"column":7}}}},"branchMap":{"0":{"loc":{"start":{"line":11,"column":4},"end":{"line":19,"column":null}},"type":"if","locations":[{"start":{"line":11,"column":4},"end":{"line":19,"column":null}},{"start":{"line":11,"column":4},"end":{"line":19,"column":null}}]},"1":{"loc":{"start":{"line":15,"column":52},"end":{"line":15,"column":57}},"type":"cond-expr","locations":[{"start":{"line":15,"column":52},"end":{"line":15,"column":57}},{"start":{"line":15,"column":60},"end":{"line":15,"column":63}}]}},"s":{"0":1,"1":1,"2":1,"3":2,"4":2,"5":2,"6":2,"7":2,"8":2,"9":10,"10":6,"11":6,"12":6,"13":20,"14":20,"15":20,"16":2,"17":2,"18":1},"f":{"0":2,"1":2,"2":20},"b":{"0":[6,4],"1":[19,1]}}
}
