TN:
SF:src/util/request.ts
FN:3,(anonymous_8)
FN:3,(anonymous_9)
FNF:2
FNH:2
FNDA:3,(anonymous_8)
FNDA:3,(anonymous_9)
DA:1,2
DA:3,3
DA:4,3
DA:5,3
DA:8,2
LF:5
LH:5
BRF:0
BRH:0
end_of_record
TN:
SF:src/wrappers/ps-wrapper.ts
FN:5,(anonymous_8)
FN:5,(anonymous_9)
FN:8,(anonymous_10)
FN:12,(anonymous_11)
FNF:4
FNH:4
FNDA:1,(anonymous_8)
FNDA:1,(anonymous_9)
FNDA:18,(anonymous_10)
FNDA:7,(anonymous_11)
DA:1,1
DA:3,1
DA:5,1
DA:6,1
DA:8,18
DA:10,1
DA:12,1
DA:13,7
DA:14,7
DA:15,7
DA:16,7
DA:17,7
DA:21,1
DA:23,1
DA:25,1
LF:15
LH:15
BRDA:15,0,0,7
BRDA:15,0,1,0
BRF:2
BRH:1
end_of_record
TN:
SF:src/wrappers/xbox-wrapper.ts
FN:4,(anonymous_8)
FN:4,(anonymous_9)
FN:14,(anonymous_10)
FNF:3
FNH:3
FNDA:2,(anonymous_8)
FNDA:2,(anonymous_9)
FNDA:20,(anonymous_10)
DA:1,1
DA:2,1
DA:4,2
DA:5,2
DA:6,2
DA:7,2
DA:8,2
DA:10,2
DA:11,10
DA:12,6
DA:13,6
DA:14,6
DA:15,20
DA:16,20
DA:17,20
DA:21,2
DA:22,2
DA:24,1
LF:18
LH:18
BRDA:11,0,0,6
BRDA:11,0,1,4
BRDA:15,1,0,19
BRDA:15,1,1,1
BRF:4
BRH:4
end_of_record
